<?xml version="1.0" encoding="UTF-8"?>
<!-- Generated by org.testng.reporters.JUnitXMLReporter -->
<testsuite ignored="0" hostname="Abhisheks-MacBook-Air.local" failures="16" tests="21" name="Test" time="169.309" errors="0" timestamp="2024-10-30T18:37:29 IST">
  <testcase classname="testcases.verification_testcase" name="verifyVerificationModule" time="40.639"/>
  <testcase classname="testcases.verification_testcase" name="verifyVerificationSubModules" time="2.544"/>
  <testcase classname="testcases.verification_testcase" name="verifyInventoryTabsAndButtonsAreDisplayed" time="14.182"/>
  <testcase classname="testcases.verification_testcase" name="verifyNavigationToAnotherSubModuleAfterOpeningTheInventorySection" time="8.075"/>
  <testcase classname="testcases.verification_testcase" name="verifyNavigationOfTabs" time="14.147"/>
  <testcase classname="testcases.verification_testcase" name="verifySearchDataByDateFilter" time="0.106">
    <failure type="java.lang.AssertionError" message="expected [true] but found [false]">
      <![CDATA[java.lang.AssertionError: expected [true] but found [false]
at testcases.verification_testcase.verifySearchDataByDateFilter(verification_testcase.java:180)
at java.base/java.util.concurrent.ThreadPoolExecutor.runWorker(ThreadPoolExecutor.java:1144)
at java.base/java.util.concurrent.ThreadPoolExecutor$Worker.run(ThreadPoolExecutor.java:642)
at java.base/java.lang.Thread.run(Thread.java:1570)
... Removed 14 stack frames]]>
    </failure>
  </testcase> <!-- verifySearchDataByDateFilter -->
  <testcase classname="testcases.verification_testcase" name="verifyToolTipText" time="0.5">
    <failure type="java.lang.AssertionError" message="expected [Remember this Date] but found [null]">
      <![CDATA[java.lang.AssertionError: expected [Remember this Date] but found [null]
at testcases.verification_testcase.verifyToolTipText(verification_testcase.java:192)
at java.base/java.util.concurrent.ThreadPoolExecutor.runWorker(ThreadPoolExecutor.java:1144)
at java.base/java.util.concurrent.ThreadPoolExecutor$Worker.run(ThreadPoolExecutor.java:642)
at java.base/java.lang.Thread.run(Thread.java:1570)
... Removed 16 stack frames]]>
    </failure>
  </testcase> <!-- verifyToolTipText -->
  <testcase classname="testcases.verification_testcase" name="verifyDatesAreRemeberedCorrectly" time="0.008">
    <failure type="java.lang.AssertionError" message="expected [true] but found [false]">
      <![CDATA[java.lang.AssertionError: expected [true] but found [false]
at testcases.verification_testcase.verifyDatesAreRemeberedCorrectly(verification_testcase.java:209)
at java.base/java.util.concurrent.ThreadPoolExecutor.runWorker(ThreadPoolExecutor.java:1144)
at java.base/java.util.concurrent.ThreadPoolExecutor$Worker.run(ThreadPoolExecutor.java:642)
at java.base/java.lang.Thread.run(Thread.java:1570)
... Removed 14 stack frames]]>
    </failure>
  </testcase> <!-- verifyDatesAreRemeberedCorrectly -->
  <testcase classname="testcases.verification_testcase" name="verifyResultDataIsAsPerTheSelectedDateRange" time="0.971">
    <failure type="java.lang.AssertionError" message="expected [true] but found [false]">
      <![CDATA[java.lang.AssertionError: expected [true] but found [false]
at testcases.verification_testcase.verifyResultDataIsAsPerTheSelectedDateRange(verification_testcase.java:221)
at java.base/java.util.concurrent.ThreadPoolExecutor.runWorker(ThreadPoolExecutor.java:1144)
at java.base/java.util.concurrent.ThreadPoolExecutor$Worker.run(ThreadPoolExecutor.java:642)
at java.base/java.lang.Thread.run(Thread.java:1570)
... Removed 14 stack frames]]>
    </failure>
  </testcase> <!-- verifyResultDataIsAsPerTheSelectedDateRange -->
  <testcase classname="testcases.verification_testcase" name="verifyAllTheRadioButtonsAreSelectable" time="0.003">
    <failure type="java.lang.AssertionError" message="expected [true] but found [false]">
      <![CDATA[java.lang.AssertionError: expected [true] but found [false]
at testcases.verification_testcase.verifyAllTheRadioButtonsAreSelectable(verification_testcase.java:241)
at java.base/java.util.concurrent.ThreadPoolExecutor.runWorker(ThreadPoolExecutor.java:1144)
at java.base/java.util.concurrent.ThreadPoolExecutor$Worker.run(ThreadPoolExecutor.java:642)
at java.base/java.lang.Thread.run(Thread.java:1570)
... Removed 14 stack frames]]>
    </failure>
  </testcase> <!-- verifyAllTheRadioButtonsAreSelectable -->
  <testcase classname="testcases.verification_testcase" name="verifyRecordsAreFilterdAccordingToRequisitionStatus" time="0.003">
    <failure type="java.lang.AssertionError" message="expected [true] but found [false]">
      <![CDATA[java.lang.AssertionError: expected [true] but found [false]
at testcases.verification_testcase.verifyRecordsAreFilterdAccordingToRequisitionStatus(verification_testcase.java:259)
at java.base/java.util.concurrent.ThreadPoolExecutor.runWorker(ThreadPoolExecutor.java:1144)
at java.base/java.util.concurrent.ThreadPoolExecutor$Worker.run(ThreadPoolExecutor.java:642)
at java.base/java.lang.Thread.run(Thread.java:1570)
... Removed 14 stack frames]]>
    </failure>
  </testcase> <!-- verifyRecordsAreFilterdAccordingToRequisitionStatus -->
  <testcase classname="testcases.verification_testcase" name="verifyRequisitionPageForRecord" time="0.003">
    <failure type="java.lang.AssertionError" message="expected [true] but found [false]">
      <![CDATA[java.lang.AssertionError: expected [true] but found [false]
at testcases.verification_testcase.verifyRequisitionPageForRecord(verification_testcase.java:272)
at java.base/java.util.concurrent.ThreadPoolExecutor.runWorker(ThreadPoolExecutor.java:1144)
at java.base/java.util.concurrent.ThreadPoolExecutor$Worker.run(ThreadPoolExecutor.java:642)
at java.base/java.lang.Thread.run(Thread.java:1570)
... Removed 14 stack frames]]>
    </failure>
  </testcase> <!-- verifyRequisitionPageForRecord -->
  <testcase classname="testcases.verification_testcase" name="verifyRecordCountMatches" time="0.003">
    <failure type="java.lang.AssertionError" message="expected [true] but found [false]">
      <![CDATA[java.lang.AssertionError: expected [true] but found [false]
at testcases.verification_testcase.verifyRecordCountMatches(verification_testcase.java:292)
at java.base/java.util.concurrent.ThreadPoolExecutor.runWorker(ThreadPoolExecutor.java:1144)
at java.base/java.util.concurrent.ThreadPoolExecutor$Worker.run(ThreadPoolExecutor.java:642)
at java.base/java.lang.Thread.run(Thread.java:1570)
... Removed 14 stack frames]]>
    </failure>
  </testcase> <!-- verifyRecordCountMatches -->
  <testcase classname="testcases.verification_testcase" name="verifyTheUserIsAbleScrollUpAndDown" time="0.006">
    <failure type="java.lang.AssertionError" message="expected [true] but found [false]">
      <![CDATA[java.lang.AssertionError: expected [true] but found [false]
at testcases.verification_testcase.verifyTheUserIsAbleScrollUpAndDown(verification_testcase.java:302)
at java.base/java.util.concurrent.ThreadPoolExecutor.runWorker(ThreadPoolExecutor.java:1144)
at java.base/java.util.concurrent.ThreadPoolExecutor$Worker.run(ThreadPoolExecutor.java:642)
at java.base/java.lang.Thread.run(Thread.java:1570)
... Removed 14 stack frames]]>
    </failure>
  </testcase> <!-- verifyTheUserIsAbleScrollUpAndDown -->
  <testcase classname="testcases.verification_testcase" name="verifyRequiredFieldErrormessage" time="0.574">
    <failure type="java.lang.AssertionError" message="expected [Item is required] but found [null]">
      <![CDATA[java.lang.AssertionError: expected [Item is required] but found [null]
at testcases.verification_testcase.verifyRequiredFieldErrormessage(verification_testcase.java:323)
at java.base/java.util.concurrent.ThreadPoolExecutor.runWorker(ThreadPoolExecutor.java:1144)
at java.base/java.util.concurrent.ThreadPoolExecutor$Worker.run(ThreadPoolExecutor.java:642)
at java.base/java.lang.Thread.run(Thread.java:1570)
... Removed 16 stack frames]]>
    </failure>
  </testcase> <!-- verifyRequiredFieldErrormessage -->
  <testcase classname="testcases.verification_testcase" name="createAndverifyPurchaseRequest" time="0.603">
    <failure type="java.lang.AssertionError" message="Actual and Expected are not equal expected [Purchase Order Requisition is Generated and Saved] but found [null]">
      <![CDATA[java.lang.AssertionError: Actual and Expected are not equal expected [Purchase Order Requisition is Generated and Saved] but found [null]
at testcases.verification_testcase.createAndverifyPurchaseRequest(verification_testcase.java:340)
at java.base/java.util.concurrent.ThreadPoolExecutor.runWorker(ThreadPoolExecutor.java:1144)
at java.base/java.util.concurrent.ThreadPoolExecutor$Worker.run(ThreadPoolExecutor.java:642)
at java.base/java.lang.Thread.run(Thread.java:1570)
... Removed 15 stack frames]]>
    </failure>
  </testcase> <!-- createAndverifyPurchaseRequest -->
  <testcase classname="testcases.verification_testcase" name="verifyPurchaseRequestInVerificationModule" time="0.237">
    <failure type="java.lang.AssertionError" message="expected [pending] but found [null]">
      <![CDATA[java.lang.AssertionError: expected [pending] but found [null]
at testcases.verification_testcase.verifyPurchaseRequestInVerificationModule(verification_testcase.java:355)
at java.base/java.util.concurrent.ThreadPoolExecutor.runWorker(ThreadPoolExecutor.java:1144)
at java.base/java.util.concurrent.ThreadPoolExecutor$Worker.run(ThreadPoolExecutor.java:642)
at java.base/java.lang.Thread.run(Thread.java:1570)
... Removed 16 stack frames]]>
    </failure>
  </testcase> <!-- verifyPurchaseRequestInVerificationModule -->
  <testcase classname="testcases.verification_testcase" name="approveThePurchaseRequestAndVerifyStatus" time="0.146">
    <failure type="java.lang.NullPointerException" message="Cannot invoke &amp;quot;String.contains(java.lang.CharSequence)&amp;quot; because the return value of &amp;quot;pages.verification_page.approveThePurchaseRequestAndVerifyStatus(java.util.Map)&amp;quot; is null">
      <![CDATA[java.lang.NullPointerException: Cannot invoke "String.contains(java.lang.CharSequence)" because the return value of "pages.verification_page.approveThePurchaseRequestAndVerifyStatus(java.util.Map)" is null
at testcases.verification_testcase.approveThePurchaseRequestAndVerifyStatus(verification_testcase.java:376)
at java.base/java.util.concurrent.ThreadPoolExecutor.runWorker(ThreadPoolExecutor.java:1144)
at java.base/java.util.concurrent.ThreadPoolExecutor$Worker.run(ThreadPoolExecutor.java:642)
at java.base/java.lang.Thread.run(Thread.java:1570)
... Removed 10 stack frames]]>
    </failure>
  </testcase> <!-- approveThePurchaseRequestAndVerifyStatus -->
  <testcase classname="testcases.verification_testcase" name="rejectAPurchaseRequestAndVerifyThePopUpMessage" time="0.168">
    <failure type="java.lang.NullPointerException" message="Cannot invoke &amp;quot;String.contains(java.lang.CharSequence)&amp;quot; because the return value of &amp;quot;pages.verification_page.rejectAPurchaseRequestAndVerifyThePopUpMessage(java.util.Map)&amp;quot; is null">
      <![CDATA[java.lang.NullPointerException: Cannot invoke "String.contains(java.lang.CharSequence)" because the return value of "pages.verification_page.rejectAPurchaseRequestAndVerifyThePopUpMessage(java.util.Map)" is null
at testcases.verification_testcase.rejectAPurchaseRequestAndVerifyThePopUpMessage(verification_testcase.java:394)
at java.base/java.util.concurrent.ThreadPoolExecutor.runWorker(ThreadPoolExecutor.java:1144)
at java.base/java.util.concurrent.ThreadPoolExecutor$Worker.run(ThreadPoolExecutor.java:642)
at java.base/java.lang.Thread.run(Thread.java:1570)
... Removed 10 stack frames]]>
    </failure>
  </testcase> <!-- rejectAPurchaseRequestAndVerifyThePopUpMessage -->
  <testcase classname="testcases.verification_testcase" name="rehectThePurchaseRequestAndVerifyStatus" time="0.146">
    <failure type="java.lang.NullPointerException" message="Cannot invoke &amp;quot;String.contains(java.lang.CharSequence)&amp;quot; because the return value of &amp;quot;pages.verification_page.rejectThePurchaseRequestAndVerifyStatus(java.util.Map)&amp;quot; is null">
      <![CDATA[java.lang.NullPointerException: Cannot invoke "String.contains(java.lang.CharSequence)" because the return value of "pages.verification_page.rejectThePurchaseRequestAndVerifyStatus(java.util.Map)" is null
at testcases.verification_testcase.rehectThePurchaseRequestAndVerifyStatus(verification_testcase.java:411)
at java.base/java.util.concurrent.ThreadPoolExecutor.runWorker(ThreadPoolExecutor.java:1144)
at java.base/java.util.concurrent.ThreadPoolExecutor$Worker.run(ThreadPoolExecutor.java:642)
at java.base/java.lang.Thread.run(Thread.java:1570)
... Removed 10 stack frames]]>
    </failure>
  </testcase> <!-- rehectThePurchaseRequestAndVerifyStatus -->
  <testcase classname="testcases.verification_testcase" name="takingScreenshotOfCurrentPage" time="0.002">
    <failure type="java.lang.AssertionError" message="expected [true] but found [false]">
      <![CDATA[java.lang.AssertionError: expected [true] but found [false]
at testcases.verification_testcase.takingScreenshotOfCurrentPage(verification_testcase.java:421)
at java.base/java.util.concurrent.ThreadPoolExecutor.runWorker(ThreadPoolExecutor.java:1144)
at java.base/java.util.concurrent.ThreadPoolExecutor$Worker.run(ThreadPoolExecutor.java:642)
at java.base/java.lang.Thread.run(Thread.java:1570)
... Removed 14 stack frames]]>
    </failure>
  </testcase> <!-- takingScreenshotOfCurrentPage -->
</testsuite> <!-- Test -->
