<!DOCTYPE html PUBLIC "-//W3C//DTD XHTML 1.1//EN" "https://www.w3.org/TR/xhtml11/DTD/xhtml11.dtd">
<html xmlns="https://www.w3.org/1999/xhtml">
<head>
<meta http-equiv="content-type" content="text/html; charset=UTF-8"/>
<title>TestNG Report</title>
<style type="text/css">table {margin-bottom:10px;border-collapse:collapse;empty-cells:show}th,td {border:1px solid #009;padding:.25em .5em}th {vertical-align:bottom}td {vertical-align:top}table a {font-weight:bold}.stripe td {background-color: #E6EBF9}.num {text-align:right}.passedodd td {background-color: #3F3}.passedeven td {background-color: #0A0}.skippedodd td {background-color: #DDD}.skippedeven td {background-color: #CCC}.failedodd td,.attn {background-color: #F33}.failedeven td,.stripe .attn {background-color: #D00}.stacktrace {white-space:pre;font-family:monospace}.totop {font-size:85%;text-align:center;border-bottom:2px solid #000}.invisible {display:none}</style>
</head>
<body>
<table>
<tr><th>Test</th><th># Passed</th><th># Skipped</th><th># Retried</th><th># Failed</th><th>Time (ms)</th><th>Included Groups</th><th>Excluded Groups</th></tr>
<tr><th colspan="8">Suite</th></tr>
<tr><td><a href="#t0">Test</a></td><td class="num">5</td><td class="num">0</td><td class="num">0</td><td class="num attn">16</td><td class="num">169,309</td><td>sanity</td><td></td></tr>
</table>
<table id='summary'><thead><tr><th>Class</th><th>Method</th><th>Start</th><th>Time (ms)</th></tr></thead><tbody><tr><th colspan="4">Suite</th></tr></tbody><tbody id="t0"><tr><th colspan="4">Test &#8212; failed</th></tr><tr class="failedeven"><td rowspan="16">testcases.verification_testcase</td><td><a href="#m0">approveThePurchaseRequestAndVerifyStatus</a></td><td rowspan="1">1730293630900</td><td rowspan="1">146</td></tr><tr class="failedeven"><td><a href="#m1">createAndverifyPurchaseRequest</a></td><td rowspan="1">1730293623767</td><td rowspan="1">603</td></tr><tr class="failedeven"><td><a href="#m2">rehectThePurchaseRequestAndVerifyStatus</a></td><td rowspan="1">1730293637554</td><td rowspan="1">146</td></tr><tr class="failedeven"><td><a href="#m3">rejectAPurchaseRequestAndVerifyThePopUpMessage</a></td><td rowspan="1">1730293634274</td><td rowspan="1">168</td></tr><tr class="failedeven"><td><a href="#m4">takingScreenshotOfCurrentPage</a></td><td rowspan="1">1730293640752</td><td rowspan="1">2</td></tr><tr class="failedeven"><td><a href="#m5">verifyAllTheRadioButtonsAreSelectable</a></td><td rowspan="1">1730293604746</td><td rowspan="1">3</td></tr><tr class="failedeven"><td><a href="#m6">verifyDatesAreRemeberedCorrectly</a></td><td rowspan="1">1730293597555</td><td rowspan="1">8</td></tr><tr class="failedeven"><td><a href="#m7">verifyPurchaseRequestInVerificationModule</a></td><td rowspan="1">1730293627532</td><td rowspan="1">237</td></tr><tr class="failedeven"><td><a href="#m8">verifyRecordCountMatches</a></td><td rowspan="1">1730293614003</td><td rowspan="1">3</td></tr><tr class="failedeven"><td><a href="#m9">verifyRecordsAreFilterdAccordingToRequisitionStatus</a></td><td rowspan="1">1730293607799</td><td rowspan="1">3</td></tr><tr class="failedeven"><td><a href="#m10">verifyRequiredFieldErrormessage</a></td><td rowspan="1">1730293620167</td><td rowspan="1">574</td></tr><tr class="failedeven"><td><a href="#m11">verifyRequisitionPageForRecord</a></td><td rowspan="1">1730293610840</td><td rowspan="1">3</td></tr><tr class="failedeven"><td><a href="#m12">verifyResultDataIsAsPerTheSelectedDateRange</a></td><td rowspan="1">1730293600696</td><td rowspan="1">971</td></tr><tr class="failedeven"><td><a href="#m13">verifySearchDataByDateFilter</a></td><td rowspan="1">1730293590739</td><td rowspan="1">106</td></tr><tr class="failedeven"><td><a href="#m14">verifyTheUserIsAbleScrollUpAndDown</a></td><td rowspan="1">1730293617049</td><td rowspan="1">6</td></tr><tr class="failedeven"><td><a href="#m15">verifyToolTipText</a></td><td rowspan="1">1730293593953</td><td rowspan="1">500</td></tr><tr><th colspan="4">Test &#8212; passed</th></tr><tr class="passedeven"><td rowspan="5">testcases.verification_testcase</td><td><a href="#m16">verifyInventoryTabsAndButtonsAreDisplayed</a></td><td rowspan="1">1730293543214</td><td rowspan="1">14182</td></tr><tr class="passedeven"><td><a href="#m17">verifyNavigationOfTabs</a></td><td rowspan="1">1730293572932</td><td rowspan="1">14147</td></tr><tr class="passedeven"><td><a href="#m18">verifyNavigationToAnotherSubModuleAfterOpeningTheInventorySection</a></td><td rowspan="1">1730293561130</td><td rowspan="1">8075</td></tr><tr class="passedeven"><td><a href="#m19">verifyVerificationModule</a></td><td rowspan="1">1730293492230</td><td rowspan="1">40639</td></tr><tr class="passedeven"><td><a href="#m20">verifyVerificationSubModules</a></td><td rowspan="1">1730293537460</td><td rowspan="1">2544</td></tr></tbody>
</table>
<h2>Test</h2><h3 id="m0">testcases.verification_testcase#approveThePurchaseRequestAndVerifyStatus</h3><table class="result"><tr><th>Exception</th></tr><tr><td><div class="stacktrace">java.lang.NullPointerException: Cannot invoke &quot;String.contains(java.lang.CharSequence)&quot; because the return value of &quot;pages.verification_page.approveThePurchaseRequestAndVerifyStatus(java.util.Map)&quot; is null
	at testcases.verification_testcase.approveThePurchaseRequestAndVerifyStatus(verification_testcase.java:376)
	at java.base/java.util.concurrent.ThreadPoolExecutor.runWorker(ThreadPoolExecutor.java:1144)
	at java.base/java.util.concurrent.ThreadPoolExecutor$Worker.run(ThreadPoolExecutor.java:642)
	at java.base/java.lang.Thread.run(Thread.java:1570)
... Removed 10 stack frames</div></td></tr></table><p class="totop"><a href="#summary">back to summary</a></p>
<h3 id="m1">testcases.verification_testcase#createAndverifyPurchaseRequest</h3><table class="result"><tr><th>Exception</th></tr><tr><td><div class="stacktrace">java.lang.AssertionError: Actual and Expected are not equal expected [Purchase Order Requisition is Generated and Saved] but found [null]
	at testcases.verification_testcase.createAndverifyPurchaseRequest(verification_testcase.java:340)
	at java.base/java.util.concurrent.ThreadPoolExecutor.runWorker(ThreadPoolExecutor.java:1144)
	at java.base/java.util.concurrent.ThreadPoolExecutor$Worker.run(ThreadPoolExecutor.java:642)
	at java.base/java.lang.Thread.run(Thread.java:1570)
... Removed 15 stack frames</div></td></tr></table><p class="totop"><a href="#summary">back to summary</a></p>
<h3 id="m2">testcases.verification_testcase#rehectThePurchaseRequestAndVerifyStatus</h3><table class="result"><tr><th>Exception</th></tr><tr><td><div class="stacktrace">java.lang.NullPointerException: Cannot invoke &quot;String.contains(java.lang.CharSequence)&quot; because the return value of &quot;pages.verification_page.rejectThePurchaseRequestAndVerifyStatus(java.util.Map)&quot; is null
	at testcases.verification_testcase.rehectThePurchaseRequestAndVerifyStatus(verification_testcase.java:411)
	at java.base/java.util.concurrent.ThreadPoolExecutor.runWorker(ThreadPoolExecutor.java:1144)
	at java.base/java.util.concurrent.ThreadPoolExecutor$Worker.run(ThreadPoolExecutor.java:642)
	at java.base/java.lang.Thread.run(Thread.java:1570)
... Removed 10 stack frames</div></td></tr></table><p class="totop"><a href="#summary">back to summary</a></p>
<h3 id="m3">testcases.verification_testcase#rejectAPurchaseRequestAndVerifyThePopUpMessage</h3><table class="result"><tr><th>Exception</th></tr><tr><td><div class="stacktrace">java.lang.NullPointerException: Cannot invoke &quot;String.contains(java.lang.CharSequence)&quot; because the return value of &quot;pages.verification_page.rejectAPurchaseRequestAndVerifyThePopUpMessage(java.util.Map)&quot; is null
	at testcases.verification_testcase.rejectAPurchaseRequestAndVerifyThePopUpMessage(verification_testcase.java:394)
	at java.base/java.util.concurrent.ThreadPoolExecutor.runWorker(ThreadPoolExecutor.java:1144)
	at java.base/java.util.concurrent.ThreadPoolExecutor$Worker.run(ThreadPoolExecutor.java:642)
	at java.base/java.lang.Thread.run(Thread.java:1570)
... Removed 10 stack frames</div></td></tr></table><p class="totop"><a href="#summary">back to summary</a></p>
<h3 id="m4">testcases.verification_testcase#takingScreenshotOfCurrentPage</h3><table class="result"><tr><th>Exception</th></tr><tr><td><div class="stacktrace">java.lang.AssertionError: expected [true] but found [false]
	at testcases.verification_testcase.takingScreenshotOfCurrentPage(verification_testcase.java:421)
	at java.base/java.util.concurrent.ThreadPoolExecutor.runWorker(ThreadPoolExecutor.java:1144)
	at java.base/java.util.concurrent.ThreadPoolExecutor$Worker.run(ThreadPoolExecutor.java:642)
	at java.base/java.lang.Thread.run(Thread.java:1570)
... Removed 14 stack frames</div></td></tr></table><p class="totop"><a href="#summary">back to summary</a></p>
<h3 id="m5">testcases.verification_testcase#verifyAllTheRadioButtonsAreSelectable</h3><table class="result"><tr><th>Exception</th></tr><tr><td><div class="stacktrace">java.lang.AssertionError: expected [true] but found [false]
	at testcases.verification_testcase.verifyAllTheRadioButtonsAreSelectable(verification_testcase.java:241)
	at java.base/java.util.concurrent.ThreadPoolExecutor.runWorker(ThreadPoolExecutor.java:1144)
	at java.base/java.util.concurrent.ThreadPoolExecutor$Worker.run(ThreadPoolExecutor.java:642)
	at java.base/java.lang.Thread.run(Thread.java:1570)
... Removed 14 stack frames</div></td></tr></table><p class="totop"><a href="#summary">back to summary</a></p>
<h3 id="m6">testcases.verification_testcase#verifyDatesAreRemeberedCorrectly</h3><table class="result"><tr><th>Exception</th></tr><tr><td><div class="stacktrace">java.lang.AssertionError: expected [true] but found [false]
	at testcases.verification_testcase.verifyDatesAreRemeberedCorrectly(verification_testcase.java:209)
	at java.base/java.util.concurrent.ThreadPoolExecutor.runWorker(ThreadPoolExecutor.java:1144)
	at java.base/java.util.concurrent.ThreadPoolExecutor$Worker.run(ThreadPoolExecutor.java:642)
	at java.base/java.lang.Thread.run(Thread.java:1570)
... Removed 14 stack frames</div></td></tr></table><p class="totop"><a href="#summary">back to summary</a></p>
<h3 id="m7">testcases.verification_testcase#verifyPurchaseRequestInVerificationModule</h3><table class="result"><tr><th>Exception</th></tr><tr><td><div class="stacktrace">java.lang.AssertionError: expected [pending] but found [null]
	at testcases.verification_testcase.verifyPurchaseRequestInVerificationModule(verification_testcase.java:355)
	at java.base/java.util.concurrent.ThreadPoolExecutor.runWorker(ThreadPoolExecutor.java:1144)
	at java.base/java.util.concurrent.ThreadPoolExecutor$Worker.run(ThreadPoolExecutor.java:642)
	at java.base/java.lang.Thread.run(Thread.java:1570)
... Removed 16 stack frames</div></td></tr></table><p class="totop"><a href="#summary">back to summary</a></p>
<h3 id="m8">testcases.verification_testcase#verifyRecordCountMatches</h3><table class="result"><tr><th>Exception</th></tr><tr><td><div class="stacktrace">java.lang.AssertionError: expected [true] but found [false]
	at testcases.verification_testcase.verifyRecordCountMatches(verification_testcase.java:292)
	at java.base/java.util.concurrent.ThreadPoolExecutor.runWorker(ThreadPoolExecutor.java:1144)
	at java.base/java.util.concurrent.ThreadPoolExecutor$Worker.run(ThreadPoolExecutor.java:642)
	at java.base/java.lang.Thread.run(Thread.java:1570)
... Removed 14 stack frames</div></td></tr></table><p class="totop"><a href="#summary">back to summary</a></p>
<h3 id="m9">testcases.verification_testcase#verifyRecordsAreFilterdAccordingToRequisitionStatus</h3><table class="result"><tr><th>Exception</th></tr><tr><td><div class="stacktrace">java.lang.AssertionError: expected [true] but found [false]
	at testcases.verification_testcase.verifyRecordsAreFilterdAccordingToRequisitionStatus(verification_testcase.java:259)
	at java.base/java.util.concurrent.ThreadPoolExecutor.runWorker(ThreadPoolExecutor.java:1144)
	at java.base/java.util.concurrent.ThreadPoolExecutor$Worker.run(ThreadPoolExecutor.java:642)
	at java.base/java.lang.Thread.run(Thread.java:1570)
... Removed 14 stack frames</div></td></tr></table><p class="totop"><a href="#summary">back to summary</a></p>
<h3 id="m10">testcases.verification_testcase#verifyRequiredFieldErrormessage</h3><table class="result"><tr><th>Exception</th></tr><tr><td><div class="stacktrace">java.lang.AssertionError: expected [Item is required] but found [null]
	at testcases.verification_testcase.verifyRequiredFieldErrormessage(verification_testcase.java:323)
	at java.base/java.util.concurrent.ThreadPoolExecutor.runWorker(ThreadPoolExecutor.java:1144)
	at java.base/java.util.concurrent.ThreadPoolExecutor$Worker.run(ThreadPoolExecutor.java:642)
	at java.base/java.lang.Thread.run(Thread.java:1570)
... Removed 16 stack frames</div></td></tr></table><p class="totop"><a href="#summary">back to summary</a></p>
<h3 id="m11">testcases.verification_testcase#verifyRequisitionPageForRecord</h3><table class="result"><tr><th>Exception</th></tr><tr><td><div class="stacktrace">java.lang.AssertionError: expected [true] but found [false]
	at testcases.verification_testcase.verifyRequisitionPageForRecord(verification_testcase.java:272)
	at java.base/java.util.concurrent.ThreadPoolExecutor.runWorker(ThreadPoolExecutor.java:1144)
	at java.base/java.util.concurrent.ThreadPoolExecutor$Worker.run(ThreadPoolExecutor.java:642)
	at java.base/java.lang.Thread.run(Thread.java:1570)
... Removed 14 stack frames</div></td></tr></table><p class="totop"><a href="#summary">back to summary</a></p>
<h3 id="m12">testcases.verification_testcase#verifyResultDataIsAsPerTheSelectedDateRange</h3><table class="result"><tr><th>Exception</th></tr><tr><td><div class="stacktrace">java.lang.AssertionError: expected [true] but found [false]
	at testcases.verification_testcase.verifyResultDataIsAsPerTheSelectedDateRange(verification_testcase.java:221)
	at java.base/java.util.concurrent.ThreadPoolExecutor.runWorker(ThreadPoolExecutor.java:1144)
	at java.base/java.util.concurrent.ThreadPoolExecutor$Worker.run(ThreadPoolExecutor.java:642)
	at java.base/java.lang.Thread.run(Thread.java:1570)
... Removed 14 stack frames</div></td></tr></table><p class="totop"><a href="#summary">back to summary</a></p>
<h3 id="m13">testcases.verification_testcase#verifySearchDataByDateFilter</h3><table class="result"><tr><th>Exception</th></tr><tr><td><div class="stacktrace">java.lang.AssertionError: expected [true] but found [false]
	at testcases.verification_testcase.verifySearchDataByDateFilter(verification_testcase.java:180)
	at java.base/java.util.concurrent.ThreadPoolExecutor.runWorker(ThreadPoolExecutor.java:1144)
	at java.base/java.util.concurrent.ThreadPoolExecutor$Worker.run(ThreadPoolExecutor.java:642)
	at java.base/java.lang.Thread.run(Thread.java:1570)
... Removed 14 stack frames</div></td></tr></table><p class="totop"><a href="#summary">back to summary</a></p>
<h3 id="m14">testcases.verification_testcase#verifyTheUserIsAbleScrollUpAndDown</h3><table class="result"><tr><th>Exception</th></tr><tr><td><div class="stacktrace">java.lang.AssertionError: expected [true] but found [false]
	at testcases.verification_testcase.verifyTheUserIsAbleScrollUpAndDown(verification_testcase.java:302)
	at java.base/java.util.concurrent.ThreadPoolExecutor.runWorker(ThreadPoolExecutor.java:1144)
	at java.base/java.util.concurrent.ThreadPoolExecutor$Worker.run(ThreadPoolExecutor.java:642)
	at java.base/java.lang.Thread.run(Thread.java:1570)
... Removed 14 stack frames</div></td></tr></table><p class="totop"><a href="#summary">back to summary</a></p>
<h3 id="m15">testcases.verification_testcase#verifyToolTipText</h3><table class="result"><tr><th>Exception</th></tr><tr><td><div class="stacktrace">java.lang.AssertionError: expected [Remember this Date] but found [null]
	at testcases.verification_testcase.verifyToolTipText(verification_testcase.java:192)
	at java.base/java.util.concurrent.ThreadPoolExecutor.runWorker(ThreadPoolExecutor.java:1144)
	at java.base/java.util.concurrent.ThreadPoolExecutor$Worker.run(ThreadPoolExecutor.java:642)
	at java.base/java.lang.Thread.run(Thread.java:1570)
... Removed 16 stack frames</div></td></tr></table><p class="totop"><a href="#summary">back to summary</a></p>
<h3 id="m16">testcases.verification_testcase#verifyInventoryTabsAndButtonsAreDisplayed</h3><table class="result"><tr><th class="invisible"/></tr></table><p class="totop"><a href="#summary">back to summary</a></p>
<h3 id="m17">testcases.verification_testcase#verifyNavigationOfTabs</h3><table class="result"><tr><th class="invisible"/></tr></table><p class="totop"><a href="#summary">back to summary</a></p>
<h3 id="m18">testcases.verification_testcase#verifyNavigationToAnotherSubModuleAfterOpeningTheInventorySection</h3><table class="result"><tr><th class="invisible"/></tr></table><p class="totop"><a href="#summary">back to summary</a></p>
<h3 id="m19">testcases.verification_testcase#verifyVerificationModule</h3><table class="result"><tr><th class="invisible"/></tr></table><p class="totop"><a href="#summary">back to summary</a></p>
<h3 id="m20">testcases.verification_testcase#verifyVerificationSubModules</h3><table class="result"><tr><th class="invisible"/></tr></table><p class="totop"><a href="#summary">back to summary</a></p>
</body>
</html>
